{"level":"error","message":"\u001b[37mEnvironment: 'production' already exists\u001b[39m","timestamp":"2021-07-15T17:33:53.296Z"}
{"level":"error","message":"\u001b[37mEnvironment: 'development' already exists\u001b[39m","timestamp":"2021-07-15T17:33:53.297Z"}
{"level":"error","message":"\u001b[31mAsset bltba311c3bb17bf31d not published, Language doesn't exists or insufficient permission to access it.\u001b[39m","timestamp":"2021-07-15T17:33:54.050Z"}
{"level":"error","message":"\u001b[31mAsset blt31d19c88c9d67194 not published, Language doesn't exists or insufficient permission to access it.\u001b[39m","timestamp":"2021-07-15T17:33:54.720Z"}
{"level":"error","message":"\u001b[31mAsset blt4c4dead079559279 not published, Language doesn't exists or insufficient permission to access it.\u001b[39m","timestamp":"2021-07-15T17:33:55.607Z"}
{"level":"error","message":"\u001b[31mAsset blt71dbe564eb1802fa not published, Language doesn't exists or insufficient permission to access it.\u001b[39m","timestamp":"2021-07-15T17:33:58.175Z"}
{"level":"error","message":"\u001b[31mAsset blt6447baa699f83f4b not published, Language doesn't exists or insufficient permission to access it.\u001b[39m","timestamp":"2021-07-15T17:33:58.964Z"}
{"level":"error","message":"\u001b[31mAsset bltd1761ef4c9c80f3a not published, Language doesn't exists or insufficient permission to access it.\u001b[39m","timestamp":"2021-07-15T17:34:01.250Z"}
{"level":"error","message":"\u001b[31mAsset blt9ce9b321ca408318 not published, Language doesn't exists or insufficient permission to access it.\u001b[39m","timestamp":"2021-07-15T17:34:02.399Z"}
{"level":"error","message":"\u001b[31mAsset blt2c7cdae98278db6b not published, Language doesn't exists or insufficient permission to access it.\u001b[39m","timestamp":"2021-07-15T17:34:04.318Z"}
{"level":"error","message":"\u001b[31mAsset blt196065cb1a5c4835 not published, Language doesn't exists or insufficient permission to access it.\u001b[39m","timestamp":"2021-07-15T17:34:05.829Z"}
{"level":"error","message":"\u001b[31mAsset blt69cfca7413d55cbf not published, Language doesn't exists or insufficient permission to access it.\u001b[39m","timestamp":"2021-07-15T17:34:06.605Z"}
{"level":"error","message":"\u001b[31mAsset bltd9d74a2be59251b1 not published, Language doesn't exists or insufficient permission to access it.\u001b[39m","timestamp":"2021-07-15T17:34:07.481Z"}
{"level":"error","message":"\u001b[31mAsset blte6871c2b2b3616d7 not published, Language doesn't exists or insufficient permission to access it.\u001b[39m","timestamp":"2021-07-15T17:34:09.391Z"}
{"level":"error","message":"\u001b[31mAsset blt36d068b263dbd701 not published, Language doesn't exists or insufficient permission to access it.\u001b[39m","timestamp":"2021-07-15T17:34:10.638Z"}
{"level":"error","message":"\u001b[31mAsset blt3502581862901178 not published, Language doesn't exists or insufficient permission to access it.\u001b[39m","timestamp":"2021-07-15T17:34:11.542Z"}
{"level":"error","message":"\u001b[31mAsset blt524f7cfcc99aeba1 not published, Language doesn't exists or insufficient permission to access it.\u001b[39m","timestamp":"2021-07-15T17:34:12.370Z"}
{"level":"error","message":"\u001b[31mAsset bltba55ab716971edc9 not published, Language doesn't exists or insufficient permission to access it.\u001b[39m","timestamp":"2021-07-15T17:34:13.235Z"}
{"level":"error","message":"\u001b[31mAsset bltde55ed3560885934 not published, Language doesn't exists or insufficient permission to access it.\u001b[39m","timestamp":"2021-07-15T17:34:15.553Z"}
{"level":"error","message":"\u001b[31mAsset blt13ff3f83a0a04b22 not published, Language doesn't exists or insufficient permission to access it.\u001b[39m","timestamp":"2021-07-15T17:34:17.901Z"}
{"level":"error","message":"\u001b[31mAsset blt5f1b48772719d199 not published, Language doesn't exists or insufficient permission to access it.\u001b[39m","timestamp":"2021-07-15T17:34:20.220Z"}
{"level":"error","message":"\u001b[31mAsset blta6b193f051fe9ced not published, Language doesn't exists or insufficient permission to access it.\u001b[39m","timestamp":"2021-07-15T17:34:20.978Z"}
{"level":"error","message":"\u001b[31mAsset blt85d9676ff73b6d45 not published, Language doesn't exists or insufficient permission to access it.\u001b[39m","timestamp":"2021-07-15T17:34:25.044Z"}
{"level":"error","message":"\u001b[31mAsset blt846a8c75c95efe45 not published, Language doesn't exists or insufficient permission to access it.\u001b[39m","timestamp":"2021-07-15T17:34:26.583Z"}
{"level":"error","message":"\u001b[31mAsset blta8d6c0535e951c42 not published, Language doesn't exists or insufficient permission to access it.\u001b[39m","timestamp":"2021-07-15T17:34:27.362Z"}
{"level":"error","message":"\u001b[31mAsset bltd6d26dedee20ebe9 not published, Language doesn't exists or insufficient permission to access it.\u001b[39m","timestamp":"2021-07-15T17:34:28.012Z"}
{"level":"error","message":"\u001b[31mAsset bltaae7bf0f9c234110 not published, Language doesn't exists or insufficient permission to access it.\u001b[39m","timestamp":"2021-07-15T17:34:30.790Z"}
{"level":"error","message":"\u001b[31mAsset blt86747216e2eb4d94 not published, Language doesn't exists or insufficient permission to access it.\u001b[39m","timestamp":"2021-07-15T17:34:31.556Z"}
{"level":"error","message":"\u001b[31mAsset blt9dc2ba677d192d04 not published, Language doesn't exists or insufficient permission to access it.\u001b[39m","timestamp":"2021-07-15T17:34:32.308Z"}
{"level":"error","message":"\u001b[31mAsset blt06a9e2ac9f1668b5 not published, Language doesn't exists or insufficient permission to access it.\u001b[39m","timestamp":"2021-07-15T17:34:33.166Z"}
{"level":"error","message":"\u001b[31mAsset blt12809aa6cdc9cbea not published, Language doesn't exists or insufficient permission to access it.\u001b[39m","timestamp":"2021-07-15T17:34:34.121Z"}
{"level":"error","message":"\u001b[31mAsset bltbaef175678823cc6 not published, Language doesn't exists or insufficient permission to access it.\u001b[39m","timestamp":"2021-07-15T17:34:35.543Z"}
{"level":"error","message":"\u001b[31mAsset blt5296a05e66d306d2 not published, Language doesn't exists or insufficient permission to access it.\u001b[39m","timestamp":"2021-07-15T17:34:36.408Z"}
{"level":"error","message":"\u001b[31mAsset blt3ff7ff5ab5f6b689 not published, Language doesn't exists or insufficient permission to access it.\u001b[39m","timestamp":"2021-07-15T17:34:37.625Z"}
{"level":"error","message":"\u001b[31mAsset blt32ef90eaf9f09c9b not published, Language doesn't exists or insufficient permission to access it.\u001b[39m","timestamp":"2021-07-15T17:34:38.825Z"}
{"level":"error","message":"\u001b[31mAsset blt3512b90054c5f756 not published, Language doesn't exists or insufficient permission to access it.\u001b[39m","timestamp":"2021-07-15T17:34:40.029Z"}
{"level":"error","message":"\u001b[31mAsset bltf94db4505b36c7f8 not published, Language doesn't exists or insufficient permission to access it.\u001b[39m","timestamp":"2021-07-15T17:34:40.830Z"}
{"level":"error","message":"\u001b[31mAsset blt476acb30525b8102 not published, Language doesn't exists or insufficient permission to access it.\u001b[39m","timestamp":"2021-07-15T17:34:42.003Z"}
{"level":"error","message":"\u001b[31mAsset bltc1867ab820e648d7 not published, Language doesn't exists or insufficient permission to access it.\u001b[39m","timestamp":"2021-07-15T17:34:42.870Z"}
{"level":"error","message":"\u001b[31mAsset blt2e12059e681d8773 not published, Language doesn't exists or insufficient permission to access it.\u001b[39m","timestamp":"2021-07-15T17:34:43.645Z"}
{"level":"error","message":"\u001b[37mseo globalfield already exists\u001b[39m","timestamp":"2021-07-15T17:34:43.979Z"}
{"level":"error","message":"\u001b[31mFailed to migrate stack: blt83d110e523ab4de2. Please check error logs for more info\u001b[39m","timestamp":"2021-07-15T17:34:44.293Z"}
{"level":"error","message":"The log for this is stored at /Users/proberts/Documents/jsTests/contentstack/content-stack/data/contents/logs/import","timestamp":"2021-07-15T17:34:44.294Z"}
{"level":"error","message":"{\"status\":422,\"statusText\":\"Unprocessable Entity\",\"request\":{\"url\":\"/content_types\",\"method\":\"post\",\"data\":\"{\\\"content_type\\\":{\\\"title\\\":\\\"about\\\",\\\"uid\\\":\\\"about\\\",\\\"schema\\\":[{\\\"display_name\\\":\\\"Title\\\",\\\"uid\\\":\\\"title\\\",\\\"data_type\\\":\\\"text\\\",\\\"field_metadata\\\":{\\\"_default\\\":true},\\\"unique\\\":false,\\\"mandatory\\\":true,\\\"multiple\\\":false},{\\\"display_name\\\":\\\"URL\\\",\\\"uid\\\":\\\"url\\\",\\\"data_type\\\":\\\"text\\\",\\\"field_metadata\\\":{\\\"_default\\\":true},\\\"unique\\\":false,\\\"multiple\\\":false}],\\\"options\\\":{\\\"title\\\":\\\"title\\\",\\\"publishable\\\":true,\\\"is_page\\\":true,\\\"singleton\\\":false,\\\"sub_title\\\":[\\\"url\\\"],\\\"url_pattern\\\":\\\"/:title\\\",\\\"url_prefix\\\":\\\"/\\\"}}}\",\"headers\":{\"Accept\":\"application/json, text/plain, */*\",\"Content-Type\":\"application/json;charset=utf-8\",\"X-User-Agent\":\"contentstack-management-javascript/1.2.1\",\"User-Agent\":\"sdk contentstack-management-javascript/1.2.1; platform node.js/v14.15.4; os macOS/20.5.0;\",\"api_key\":\"blt83d110e523ab4de2\",\"authorization\":\"...d2781\",\"Content-Length\":463}},\"errorMessage\":\"Content Type creation failed. Please try again.\",\"errorCode\":115,\"errors\":{\"uid\":[\"is not unique.\"]}}","timestamp":"2021-07-15T17:34:44.293Z"}
{"level":"error","message":"\u001b[37mEnvironment: 'development' already exists\u001b[39m","timestamp":"2021-07-15T19:39:16.312Z"}
{"level":"error","message":"\u001b[37mEnvironment: 'production' already exists\u001b[39m","timestamp":"2021-07-15T19:39:16.311Z"}
{"level":"error","message":"\u001b[31mAsset blt35650092850d39c1 not published, Language doesn't exists or insufficient permission to access it.\u001b[39m","timestamp":"2021-07-15T19:39:17.137Z"}
{"level":"error","message":"\u001b[31mAsset blta8e499841b40f7ed not published, Language doesn't exists or insufficient permission to access it.\u001b[39m","timestamp":"2021-07-15T19:39:17.944Z"}
{"level":"error","message":"\u001b[31mAsset blt424ebb2d5c84d439 not published, Language doesn't exists or insufficient permission to access it.\u001b[39m","timestamp":"2021-07-15T19:39:18.884Z"}
{"level":"error","message":"\u001b[31mAsset blt106b706eedeeca34 not published, Language doesn't exists or insufficient permission to access it.\u001b[39m","timestamp":"2021-07-15T19:39:23.211Z"}
{"level":"error","message":"\u001b[31mAsset blt9ee32a0cbc40472e not published, Language doesn't exists or insufficient permission to access it.\u001b[39m","timestamp":"2021-07-15T19:39:24.085Z"}
{"level":"error","message":"\u001b[31mAsset blt565d7ebeaa667550 not published, Language doesn't exists or insufficient permission to access it.\u001b[39m","timestamp":"2021-07-15T19:39:26.679Z"}
{"level":"error","message":"\u001b[31mAsset blt64c6c7176c2c629f not published, Language doesn't exists or insufficient permission to access it.\u001b[39m","timestamp":"2021-07-15T19:39:27.553Z"}
{"level":"error","message":"\u001b[31mAsset blt53b5c10afaeb159d not published, Language doesn't exists or insufficient permission to access it.\u001b[39m","timestamp":"2021-07-15T19:39:29.506Z"}
{"level":"error","message":"\u001b[31mAsset blt54ea3a600533bbf0 not published, Language doesn't exists or insufficient permission to access it.\u001b[39m","timestamp":"2021-07-15T19:39:33.997Z"}
{"level":"error","message":"\u001b[31mAsset blta4bd0ebff9785a7f not published, Language doesn't exists or insufficient permission to access it.\u001b[39m","timestamp":"2021-07-15T19:39:34.969Z"}
{"level":"error","message":"\u001b[31mAsset blta72aa4f2aa6263ba not published, Language doesn't exists or insufficient permission to access it.\u001b[39m","timestamp":"2021-07-15T19:39:35.883Z"}
{"level":"error","message":"\u001b[31mAsset blt05cdf746a280256e not published, Language doesn't exists or insufficient permission to access it.\u001b[39m","timestamp":"2021-07-15T19:39:38.021Z"}
{"level":"error","message":"\u001b[31mAsset bltbddd0d5d67f56708 not published, Language doesn't exists or insufficient permission to access it.\u001b[39m","timestamp":"2021-07-15T19:39:39.226Z"}
{"level":"error","message":"\u001b[31mAsset bltce3dcd107cabe2da not published, Language doesn't exists or insufficient permission to access it.\u001b[39m","timestamp":"2021-07-15T19:39:40.195Z"}
{"level":"error","message":"\u001b[31mAsset bltb1d5838ed011cd4b not published, Language doesn't exists or insufficient permission to access it.\u001b[39m","timestamp":"2021-07-15T19:39:41.228Z"}
{"level":"error","message":"\u001b[31mAsset blt610d4fe072f46371 not published, Language doesn't exists or insufficient permission to access it.\u001b[39m","timestamp":"2021-07-15T19:39:42.112Z"}
{"level":"error","message":"\u001b[31mAsset bltc7f8ae22b884ea6f not published, Language doesn't exists or insufficient permission to access it.\u001b[39m","timestamp":"2021-07-15T19:39:44.566Z"}
{"level":"error","message":"\u001b[31mAsset blte78849b47e3f3ce0 not published, Language doesn't exists or insufficient permission to access it.\u001b[39m","timestamp":"2021-07-15T19:39:46.910Z"}
{"level":"error","message":"\u001b[31mAsset blt9e9baa98e34119bc not published, Language doesn't exists or insufficient permission to access it.\u001b[39m","timestamp":"2021-07-15T19:39:49.144Z"}
{"level":"error","message":"\u001b[31mAsset blt165ed4f396274384 not published, Language doesn't exists or insufficient permission to access it.\u001b[39m","timestamp":"2021-07-15T19:39:50.035Z"}
{"level":"error","message":"\u001b[31mAsset blt49268cb54655fc77 not published, Language doesn't exists or insufficient permission to access it.\u001b[39m","timestamp":"2021-07-15T19:39:52.691Z"}
{"level":"error","message":"\u001b[31mAsset blt3ec9e54829b67c9f not published, Language doesn't exists or insufficient permission to access it.\u001b[39m","timestamp":"2021-07-15T19:39:53.673Z"}
{"level":"error","message":"\u001b[31mAsset blt096fac353e81a0e5 not published, Language doesn't exists or insufficient permission to access it.\u001b[39m","timestamp":"2021-07-15T19:39:54.477Z"}
{"level":"error","message":"\u001b[31mAsset blt40d1125afb27f927 not published, Language doesn't exists or insufficient permission to access it.\u001b[39m","timestamp":"2021-07-15T19:39:55.167Z"}
{"level":"error","message":"\u001b[31mAsset bltbca418baecca88b9 not published, Language doesn't exists or insufficient permission to access it.\u001b[39m","timestamp":"2021-07-15T19:39:59.024Z"}
{"level":"error","message":"\u001b[31mAsset bltdb2527dff00d5dbe not published, Language doesn't exists or insufficient permission to access it.\u001b[39m","timestamp":"2021-07-15T19:39:59.788Z"}
{"level":"error","message":"\u001b[31mAsset bltc12edce3c58a0487 not published, Language doesn't exists or insufficient permission to access it.\u001b[39m","timestamp":"2021-07-15T19:40:00.548Z"}
{"level":"error","message":"\u001b[31mAsset bltc4dae3be6b96685f not published, Language doesn't exists or insufficient permission to access it.\u001b[39m","timestamp":"2021-07-15T19:40:01.476Z"}
{"level":"error","message":"\u001b[31mAsset blt8765a302c33b8ec3 not published, Language doesn't exists or insufficient permission to access it.\u001b[39m","timestamp":"2021-07-15T19:40:02.437Z"}
{"level":"error","message":"\u001b[31mAsset bltd605445560afa82e not published, Language doesn't exists or insufficient permission to access it.\u001b[39m","timestamp":"2021-07-15T19:40:03.913Z"}
{"level":"error","message":"\u001b[31mAsset blt9740c5dad0f5b467 not published, Language doesn't exists or insufficient permission to access it.\u001b[39m","timestamp":"2021-07-15T19:40:04.812Z"}
{"level":"error","message":"\u001b[31mAsset bltb1ef92dc7da45e9b not published, Language doesn't exists or insufficient permission to access it.\u001b[39m","timestamp":"2021-07-15T19:40:06.001Z"}
{"level":"error","message":"\u001b[31mAsset blt15ce19de4e410950 not published, Language doesn't exists or insufficient permission to access it.\u001b[39m","timestamp":"2021-07-15T19:40:06.962Z"}
{"level":"error","message":"\u001b[31mAsset blt6b293122db653bc8 not published, Language doesn't exists or insufficient permission to access it.\u001b[39m","timestamp":"2021-07-15T19:40:08.168Z"}
{"level":"error","message":"\u001b[31mAsset bltf250e9ebc36376c7 not published, Language doesn't exists or insufficient permission to access it.\u001b[39m","timestamp":"2021-07-15T19:40:08.958Z"}
{"level":"error","message":"\u001b[31mAsset blt0bcbfe9b7e7eacc9 not published, Language doesn't exists or insufficient permission to access it.\u001b[39m","timestamp":"2021-07-15T19:40:10.223Z"}
{"level":"error","message":"\u001b[31mAsset blt7ddfe064cf5c34f4 not published, Language doesn't exists or insufficient permission to access it.\u001b[39m","timestamp":"2021-07-15T19:40:11.064Z"}
{"level":"error","message":"\u001b[31mAsset blt21691b0bbe5a193a not published, Language doesn't exists or insufficient permission to access it.\u001b[39m","timestamp":"2021-07-15T19:40:12.006Z"}
{"level":"error","message":"\u001b[37mseo globalfield already exists\u001b[39m","timestamp":"2021-07-15T19:40:12.353Z"}
{"level":"error","message":"{\"status\":422,\"statusText\":\"Unprocessable Entity\",\"request\":{\"url\":\"/content_types\",\"method\":\"post\",\"data\":\"{\\\"content_type\\\":{\\\"title\\\":\\\"about\\\",\\\"uid\\\":\\\"about\\\",\\\"schema\\\":[{\\\"display_name\\\":\\\"Title\\\",\\\"uid\\\":\\\"title\\\",\\\"data_type\\\":\\\"text\\\",\\\"field_metadata\\\":{\\\"_default\\\":true},\\\"unique\\\":false,\\\"mandatory\\\":true,\\\"multiple\\\":false},{\\\"display_name\\\":\\\"URL\\\",\\\"uid\\\":\\\"url\\\",\\\"data_type\\\":\\\"text\\\",\\\"field_metadata\\\":{\\\"_default\\\":true},\\\"unique\\\":false,\\\"multiple\\\":false}],\\\"options\\\":{\\\"title\\\":\\\"title\\\",\\\"publishable\\\":true,\\\"is_page\\\":true,\\\"singleton\\\":false,\\\"sub_title\\\":[\\\"url\\\"],\\\"url_pattern\\\":\\\"/:title\\\",\\\"url_prefix\\\":\\\"/\\\"}}}\",\"headers\":{\"Accept\":\"application/json, text/plain, */*\",\"Content-Type\":\"application/json;charset=utf-8\",\"X-User-Agent\":\"contentstack-management-javascript/1.2.1\",\"User-Agent\":\"sdk contentstack-management-javascript/1.2.1; platform node.js/v14.15.4; os macOS/20.5.0;\",\"api_key\":\"blt83d110e523ab4de2\",\"authorization\":\"...d2781\",\"Content-Length\":463}},\"errorMessage\":\"Content Type creation failed. Please try again.\",\"errorCode\":115,\"errors\":{\"uid\":[\"is not unique.\"]}}","timestamp":"2021-07-15T19:40:12.701Z"}
{"level":"error","message":"\u001b[31mFailed to migrate stack: blt83d110e523ab4de2. Please check error logs for more info\u001b[39m","timestamp":"2021-07-15T19:40:12.701Z"}
{"level":"error","message":"The log for this is stored at /Users/proberts/Documents/jsTests/contentstack/content-stack/data/contents/logs/import","timestamp":"2021-07-15T19:40:12.702Z"}
{"level":"error","message":"\u001b[37mEnvironment: 'production' already exists\u001b[39m","timestamp":"2021-07-15T19:50:37.739Z"}
{"level":"error","message":"\u001b[37mEnvironment: 'development' already exists\u001b[39m","timestamp":"2021-07-15T19:50:37.741Z"}
{"level":"error","message":"\u001b[31mAsset blt953b1c9e45efc36d not published, Language doesn't exists or insufficient permission to access it.\u001b[39m","timestamp":"2021-07-15T19:50:38.580Z"}
{"level":"error","message":"\u001b[31mAsset bltf5dba2ba66cf1283 not published, Language doesn't exists or insufficient permission to access it.\u001b[39m","timestamp":"2021-07-15T19:50:39.326Z"}
{"level":"error","message":"\u001b[31mAsset blt238dc4655153d5c9 not published, Language doesn't exists or insufficient permission to access it.\u001b[39m","timestamp":"2021-07-15T19:50:40.143Z"}
{"level":"error","message":"\u001b[31mAsset blt0a6bbfb076854a57 not published, Language doesn't exists or insufficient permission to access it.\u001b[39m","timestamp":"2021-07-15T19:50:46.200Z"}
{"level":"error","message":"\u001b[31mAsset bltf26d6b6c282e5f56 not published, Language doesn't exists or insufficient permission to access it.\u001b[39m","timestamp":"2021-07-15T19:50:47.011Z"}
{"level":"error","message":"\u001b[31mAsset blt1aebe97e17e38019 not published, Language doesn't exists or insufficient permission to access it.\u001b[39m","timestamp":"2021-07-15T19:50:49.455Z"}
{"level":"error","message":"\u001b[31mAsset bltf651075f61c5660a not published, Language doesn't exists or insufficient permission to access it.\u001b[39m","timestamp":"2021-07-15T19:50:50.348Z"}
{"level":"error","message":"\u001b[31mAsset blt377a07a58e56aadc not published, Language doesn't exists or insufficient permission to access it.\u001b[39m","timestamp":"2021-07-15T19:50:52.342Z"}
{"level":"error","message":"\u001b[31mAsset blt14ad12d040ca50a5 not published, Language doesn't exists or insufficient permission to access it.\u001b[39m","timestamp":"2021-07-15T19:50:53.904Z"}
{"level":"error","message":"\u001b[31mAsset blteaf9db8b3f6805e3 not published, Language doesn't exists or insufficient permission to access it.\u001b[39m","timestamp":"2021-07-15T19:50:54.705Z"}
{"level":"error","message":"\u001b[31mAsset bltca507cf7cd05d018 not published, Language doesn't exists or insufficient permission to access it.\u001b[39m","timestamp":"2021-07-15T19:50:55.601Z"}
{"level":"error","message":"\u001b[31mAsset blt53b459e7fb5cdabd not published, Language doesn't exists or insufficient permission to access it.\u001b[39m","timestamp":"2021-07-15T19:50:57.487Z"}
{"level":"error","message":"\u001b[31mAsset blte0632673e461a569 not published, Language doesn't exists or insufficient permission to access it.\u001b[39m","timestamp":"2021-07-15T19:50:58.683Z"}
{"level":"error","message":"\u001b[31mAsset blt10b09c0ac3816e47 not published, Language doesn't exists or insufficient permission to access it.\u001b[39m","timestamp":"2021-07-15T19:50:59.664Z"}
{"level":"error","message":"\u001b[31mAsset bltfe15bcac35e1f316 not published, Language doesn't exists or insufficient permission to access it.\u001b[39m","timestamp":"2021-07-15T19:51:00.577Z"}
{"level":"error","message":"\u001b[31mAsset blt8d50b076405f7033 not published, Language doesn't exists or insufficient permission to access it.\u001b[39m","timestamp":"2021-07-15T19:51:01.487Z"}
{"level":"error","message":"\u001b[31mAsset bltf36c8385ad016ea9 not published, Language doesn't exists or insufficient permission to access it.\u001b[39m","timestamp":"2021-07-15T19:51:03.943Z"}
{"level":"error","message":"\u001b[31mAsset bltfdd5cbfe2359030a not published, Language doesn't exists or insufficient permission to access it.\u001b[39m","timestamp":"2021-07-15T19:51:06.334Z"}
{"level":"error","message":"\u001b[31mAsset blt4113e87696737e39 not published, Language doesn't exists or insufficient permission to access it.\u001b[39m","timestamp":"2021-07-15T19:51:08.871Z"}
{"level":"error","message":"\u001b[31mAsset blt65a28d9b78936822 not published, Language doesn't exists or insufficient permission to access it.\u001b[39m","timestamp":"2021-07-15T19:51:09.749Z"}
{"level":"error","message":"\u001b[31mAsset blt88cd50f92a2084da not published, Language doesn't exists or insufficient permission to access it.\u001b[39m","timestamp":"2021-07-15T19:51:13.114Z"}
{"level":"error","message":"\u001b[31mAsset blte6c2368d1d209918 not published, Language doesn't exists or insufficient permission to access it.\u001b[39m","timestamp":"2021-07-15T19:51:14.084Z"}
{"level":"error","message":"\u001b[31mAsset bltafa359d2972b679b not published, Language doesn't exists or insufficient permission to access it.\u001b[39m","timestamp":"2021-07-15T19:51:14.980Z"}
{"level":"error","message":"\u001b[31mAsset blt333872b68111e887 not published, Language doesn't exists or insufficient permission to access it.\u001b[39m","timestamp":"2021-07-15T19:51:15.722Z"}
{"level":"error","message":"\u001b[31mAsset blt00e52d82dfae75cb not published, Language doesn't exists or insufficient permission to access it.\u001b[39m","timestamp":"2021-07-15T19:51:18.612Z"}
{"level":"error","message":"\u001b[31mAsset bltb4d78fb70d0b2047 not published, Language doesn't exists or insufficient permission to access it.\u001b[39m","timestamp":"2021-07-15T19:51:19.434Z"}
{"level":"error","message":"\u001b[31mAsset blta15f8b719b34b5de not published, Language doesn't exists or insufficient permission to access it.\u001b[39m","timestamp":"2021-07-15T19:51:20.394Z"}
{"level":"error","message":"\u001b[31mAsset blt6b6df7e64447c901 not published, Language doesn't exists or insufficient permission to access it.\u001b[39m","timestamp":"2021-07-15T19:51:21.281Z"}
{"level":"error","message":"\u001b[31mAsset bltdcd5cd0df471cc05 not published, Language doesn't exists or insufficient permission to access it.\u001b[39m","timestamp":"2021-07-15T19:51:22.353Z"}
{"level":"error","message":"\u001b[31mAsset blt31b3d51d80814c1a not published, Language doesn't exists or insufficient permission to access it.\u001b[39m","timestamp":"2021-07-15T19:51:23.929Z"}
{"level":"error","message":"\u001b[31mAsset blt6450d506eda01e46 not published, Language doesn't exists or insufficient permission to access it.\u001b[39m","timestamp":"2021-07-15T19:51:24.857Z"}
{"level":"error","message":"\u001b[31mAsset blt5373b846b0a48fd7 not published, Language doesn't exists or insufficient permission to access it.\u001b[39m","timestamp":"2021-07-15T19:51:26.050Z"}
{"level":"error","message":"\u001b[31mAsset bltfa15ccbaa40f634c not published, Language doesn't exists or insufficient permission to access it.\u001b[39m","timestamp":"2021-07-15T19:51:26.921Z"}
{"level":"error","message":"\u001b[31mAsset blt34fbecd791032866 not published, Language doesn't exists or insufficient permission to access it.\u001b[39m","timestamp":"2021-07-15T19:51:29.029Z"}
{"level":"error","message":"\u001b[31mAsset blt73ede7cda8d78508 not published, Language doesn't exists or insufficient permission to access it.\u001b[39m","timestamp":"2021-07-15T19:51:29.835Z"}
{"level":"error","message":"\u001b[31mAsset blt5e850c4da5fd049f not published, Language doesn't exists or insufficient permission to access it.\u001b[39m","timestamp":"2021-07-15T19:51:31.082Z"}
{"level":"error","message":"\u001b[31mAsset bltdb5590e9d593cc73 not published, Language doesn't exists or insufficient permission to access it.\u001b[39m","timestamp":"2021-07-15T19:51:31.984Z"}
{"level":"error","message":"\u001b[31mAsset blt20cb5e9629d4ce30 not published, Language doesn't exists or insufficient permission to access it.\u001b[39m","timestamp":"2021-07-15T19:51:32.841Z"}
{"level":"error","message":"\u001b[37mseo globalfield already exists\u001b[39m","timestamp":"2021-07-15T19:51:33.206Z"}
{"level":"error","message":"\u001b[31mFailed to migrate stack: blt83d110e523ab4de2. Please check error logs for more info\u001b[39m","timestamp":"2021-07-15T19:51:33.514Z"}
{"level":"error","message":"{\"status\":422,\"statusText\":\"Unprocessable Entity\",\"request\":{\"url\":\"/content_types\",\"method\":\"post\",\"data\":\"{\\\"content_type\\\":{\\\"title\\\":\\\"about\\\",\\\"uid\\\":\\\"about\\\",\\\"schema\\\":[{\\\"display_name\\\":\\\"Title\\\",\\\"uid\\\":\\\"title\\\",\\\"data_type\\\":\\\"text\\\",\\\"field_metadata\\\":{\\\"_default\\\":true},\\\"unique\\\":false,\\\"mandatory\\\":true,\\\"multiple\\\":false},{\\\"display_name\\\":\\\"URL\\\",\\\"uid\\\":\\\"url\\\",\\\"data_type\\\":\\\"text\\\",\\\"field_metadata\\\":{\\\"_default\\\":true},\\\"unique\\\":false,\\\"multiple\\\":false}],\\\"options\\\":{\\\"title\\\":\\\"title\\\",\\\"publishable\\\":true,\\\"is_page\\\":true,\\\"singleton\\\":false,\\\"sub_title\\\":[\\\"url\\\"],\\\"url_pattern\\\":\\\"/:title\\\",\\\"url_prefix\\\":\\\"/\\\"}}}\",\"headers\":{\"Accept\":\"application/json, text/plain, */*\",\"Content-Type\":\"application/json;charset=utf-8\",\"X-User-Agent\":\"contentstack-management-javascript/1.2.1\",\"User-Agent\":\"sdk contentstack-management-javascript/1.2.1; platform node.js/v14.15.4; os macOS/20.5.0;\",\"api_key\":\"blt83d110e523ab4de2\",\"authorization\":\"...d2781\",\"Content-Length\":463}},\"errorMessage\":\"Content Type creation failed. Please try again.\",\"errorCode\":115,\"errors\":{\"uid\":[\"is not unique.\"]}}","timestamp":"2021-07-15T19:51:33.515Z"}
{"level":"error","message":"The log for this is stored at /Users/proberts/Documents/jsTests/contentstack/content-stack/data/contents/logs/import","timestamp":"2021-07-15T19:51:33.515Z"}
{"level":"error","message":"\u001b[37mEnvironment: 'development' already exists\u001b[39m","timestamp":"2021-07-15T19:53:32.234Z"}
{"level":"error","message":"\u001b[37mEnvironment: 'production' already exists\u001b[39m","timestamp":"2021-07-15T19:53:32.232Z"}
{"level":"error","message":"\u001b[37mseo globalfield already exists\u001b[39m","timestamp":"2021-07-15T19:54:24.565Z"}
{"level":"error","message":"The log for this is stored at /Users/proberts/Documents/jsTests/contentstack/content-stack/data/contents/logs/import","timestamp":"2021-07-15T19:54:25.182Z"}
{"level":"error","message":"\u001b[31mFailed to migrate stack: blt83d110e523ab4de2. Please check error logs for more info\u001b[39m","timestamp":"2021-07-15T19:54:25.181Z"}
{"level":"error","message":"{\"status\":422,\"statusText\":\"Unprocessable Entity\",\"request\":{\"url\":\"/content_types\",\"method\":\"post\",\"data\":\"{\\\"content_type\\\":{\\\"title\\\":\\\"about\\\",\\\"uid\\\":\\\"about\\\",\\\"schema\\\":[{\\\"display_name\\\":\\\"Title\\\",\\\"uid\\\":\\\"title\\\",\\\"data_type\\\":\\\"text\\\",\\\"field_metadata\\\":{\\\"_default\\\":true},\\\"unique\\\":false,\\\"mandatory\\\":true,\\\"multiple\\\":false},{\\\"display_name\\\":\\\"URL\\\",\\\"uid\\\":\\\"url\\\",\\\"data_type\\\":\\\"text\\\",\\\"field_metadata\\\":{\\\"_default\\\":true},\\\"unique\\\":false,\\\"multiple\\\":false}],\\\"options\\\":{\\\"title\\\":\\\"title\\\",\\\"publishable\\\":true,\\\"is_page\\\":true,\\\"singleton\\\":false,\\\"sub_title\\\":[\\\"url\\\"],\\\"url_pattern\\\":\\\"/:title\\\",\\\"url_prefix\\\":\\\"/\\\"}}}\",\"headers\":{\"Accept\":\"application/json, text/plain, */*\",\"Content-Type\":\"application/json;charset=utf-8\",\"X-User-Agent\":\"contentstack-management-javascript/1.2.1\",\"User-Agent\":\"sdk contentstack-management-javascript/1.2.1; platform node.js/v14.15.4; os macOS/20.5.0;\",\"api_key\":\"blt83d110e523ab4de2\",\"authorization\":\"...d2781\",\"Content-Length\":463}},\"errorMessage\":\"Content Type creation failed. Please try again.\",\"errorCode\":115,\"errors\":{\"uid\":[\"is not unique.\"]}}","timestamp":"2021-07-15T19:54:25.181Z"}
{"level":"error","message":"\u001b[37mEnvironment: 'production' already exists\u001b[39m","timestamp":"2021-07-15T20:09:52.825Z"}
{"level":"error","message":"\u001b[37mEnvironment: 'development' already exists\u001b[39m","timestamp":"2021-07-15T20:09:52.827Z"}
{"level":"error","message":"\u001b[37mseo globalfield already exists\u001b[39m","timestamp":"2021-07-15T20:10:46.088Z"}
{"level":"error","message":"\u001b[37mNo workflow Found\u001b[39m","timestamp":"2021-07-15T20:10:59.922Z"}
{"level":"error","message":"\u001b[37mUnable to find entry file path for about content type!\u001b[39m\n\u001b[37mThe file '/Users/proberts/_backup_554/entries/about/en.json' does not exist!\u001b[39m","timestamp":"2021-07-15T20:10:59.986Z"}
{"level":"error","message":"\u001b[37mUnable to find entry file path for header content type!\u001b[39m\n\u001b[37mThe file '/Users/proberts/_backup_554/entries/header/en.json' does not exist!\u001b[39m","timestamp":"2021-07-15T20:10:59.990Z"}
{"level":"error","message":"\u001b[37mUnable to find entry file path for blogs content type!\u001b[39m\n\u001b[37mThe file '/Users/proberts/_backup_554/entries/blogs/en.json' does not exist!\u001b[39m","timestamp":"2021-07-15T20:10:59.988Z"}
{"level":"error","message":"\u001b[37mUnable to find entry file path for footer content type!\u001b[39m\n\u001b[37mThe file '/Users/proberts/_backup_554/entries/footer/en.json' does not exist!\u001b[39m","timestamp":"2021-07-15T20:10:59.989Z"}
{"level":"error","message":"\u001b[37mUnable to find entry file path for home content type!\u001b[39m\n\u001b[37mThe file '/Users/proberts/_backup_554/entries/home/en.json' does not exist!\u001b[39m","timestamp":"2021-07-15T20:10:59.991Z"}
{"level":"error","message":"\u001b[37mUnable to find entry file path for blog_posts content type!\u001b[39m\n\u001b[37mThe file '/Users/proberts/_backup_554/entries/blog_posts/en.json' does not exist!\u001b[39m","timestamp":"2021-07-15T20:10:59.987Z"}
{"level":"error","message":"\u001b[37mUnable to find entry file path for author content type!\u001b[39m\n\u001b[37mThe file '/Users/proberts/_backup_554/entries/author/en.json' does not exist!\u001b[39m","timestamp":"2021-07-15T20:10:59.987Z"}
{"level":"error","message":"\u001b[37mUnable to find entry file path for contact content type!\u001b[39m\n\u001b[37mThe file '/Users/proberts/_backup_554/entries/contact/en.json' does not exist!\u001b[39m","timestamp":"2021-07-15T20:10:59.989Z"}
